<dl class="err err-256">
	<dt class="err-label">Date/Time</dt>
		<dd class="err-value err-string">2014-01-30 04:00:00 (UTC)</dd>
	<dt class="err-label">Error Number</dt>
		<dd class="err-value err-string">256</dd>
	<dt class="err-label">Error Type</dt>
		<dd class="err-value err-string">User Error</dd>
	<dt class="err-label">Message</dt>
		<dd class="err-value err-string">Invalid Input
this='that' one='two' </dd>
	<dt class="err-label">File</dt>
		<dd class="err-value err-string">/server/development/projects/kore9/sys/exec/100/errorHandler.php</dd>
	<dt class="err-label">Line</dt>
		<dd class="err-value err-string">80</dd>
	<dt class="err-label">Variables</dt>
		<dd class="err-value err-array">Array
(
    [this] => that
    [one] => two
)
</dd>
	<dt class="err-label">Remote Address</dt>
		<dd class="err-value err-string"></dd>
</dl>
<dl class="err err-256">
	<dt class="err-label">Date/Time</dt>
		<dd class="err-value err-string">2014-01-30 04:00:43 (UTC)</dd>
	<dt class="err-label">Error Number</dt>
		<dd class="err-value err-string">256</dd>
	<dt class="err-label">Error Type</dt>
		<dd class="err-value err-string">User Error</dd>
	<dt class="err-label">Message</dt>
		<dd class="err-value err-string">Invalid Input
this='that' one='two' </dd>
	<dt class="err-label">File</dt>
		<dd class="err-value err-string">/server/development/projects/kore9/sys/exec/100/errorHandler.php</dd>
	<dt class="err-label">Line</dt>
		<dd class="err-value err-string">80</dd>
	<dt class="err-label">Variables</dt>
		<dd class="err-value err-array">Array
(
    [this] => that
    [one] => two
)
</dd>
	<dt class="err-label">Remote Address</dt>
		<dd class="err-value err-string">Hosted</dd>
</dl>
